<?xml version="1.0" encoding="UTF-8" ?>
<testsuite tests="22" failures="0" name="com.triangle.test.TriangleTest" time="0.029" errors="0" skipped="0">
  <properties>
[...]
</properties>
  <testcase classname="com.triangle.test.TriangleTest" name="testValidTriangle" time="0.005"/>
  <testcase classname="com.triangle.test.TriangleTest" name="testScaleneTriangle" time="0"/>
  <testcase classname="com.triangle.test.TriangleTest" name="testMinusSizeTriangle2" time="0.003"/>
  <testcase classname="com.triangle.test.TriangleTest" name="testZeroSizeTriangle1" time="0.002"/>
  <testcase classname="com.triangle.test.TriangleTest" name="testZeroSizeTriangle2" time="0.009"/>
  <testcase classname="com.triangle.test.TriangleTest" name="testInvalidIsoscelesTriangle1" time="0"/>
  <testcase classname="com.triangle.test.TriangleTest" name="testInvalidIsoscelesTriangle2" time="0"/>
  <testcase classname="com.triangle.test.TriangleTest" name="testIsoscelesTriangle1" time="0"/>
  <testcase classname="com.triangle.test.TriangleTest" name="testIsoscelesTriangle2" time="0"/>
  <testcase classname="com.triangle.test.TriangleTest" name="testIsoscelesTriangle3" time="0"/>
  <testcase classname="com.triangle.test.TriangleTest" name="testEquilateralTriangle" time="0"/>
  <testcase classname="com.triangle.test.TriangleTest" name="testInvalidEquilateralTriangle1" time="0"/>
  <testcase classname="com.triangle.test.TriangleTest" name="testInvalidEquilateralTriangle2" time="0"/>
  <testcase classname="com.triangle.test.TriangleTest" name="testInvalidTriangle1" time="0.001"/>
  <testcase classname="com.triangle.test.TriangleTest" name="testInvalidTriangle2" time="0"/>
  <testcase classname="com.triangle.test.TriangleTest" name="testInvalidTriangle3" time="0"/>
  <testcase classname="com.triangle.test.TriangleTest" name="testInvalidTriangle4" time="0.007"/>
  <testcase classname="com.triangle.test.TriangleTest" name="testInvalidTriangle5" time="0.002"/>
  <testcase classname="com.triangle.test.TriangleTest" name="testInvalidScaleneTriangle1" time="0"/>
  <testcase classname="com.triangle.test.TriangleTest" name="testInvalidScaleneTriangle2" time="0"/>
  <testcase classname="com.triangle.test.TriangleTest" name="testInvalidScaleneTriangle3" time="0"/>
  <testcase classname="com.triangle.test.TriangleTest" name="testInvalidScaleneTriangle4" time="0"/>
</testsuite>